RUN	simulations.Performance	performance	1616742823342	 	3.5.1
USER	Insight API Performance	START	1616742827576
REQUEST		Login Page	1616742827628	1616742829837	OK	 
REQUEST	Campaign Page Navigation	Campaign Page Navigation	1616742835525	1616742837056	OK	 
REQUEST	Campaign Page Navigation	favicon.ico?v2	1616742838855	1616742839209	OK	 
REQUEST	Campaign Page Navigation	magnifying-glass.svg	1616742839214	1616742839540	OK	 
REQUEST	Campaign Page Navigation	noun-gear-small-990c49a70d1f6f230bf948a658bdf10474bbb3d1cb8a31c32c745fcde7a2e477.svg	1616742839543	1616742839869	OK	 
REQUEST	Campaign Page Navigation	rpx_insight_logo-13e86138a7d272fb01aa3ffdc3cc329b1673b2ca943c34c16f41235e0d27ff19.svg	1616742838862	1616742840126	OK	 
REQUEST	Campaign Page Navigation	hamburger-black-6e3932a18c47b9c9b304ef07381cc00cc65f30e9accf49aec71e83c8956de66f.svg	1616742839876	1616742840202	OK	 
REQUEST	Campaign Page Navigation	notification_new-b0c96c45575b884c292d8cf96c01599803471950a447f8c1eed3f7bac75996e8.svg	1616742840128	1616742840438	OK	 
REQUEST	Campaign Page Navigation	pin-8b3426b3bc1dcc67048b03e7bf25a3c65317cadeca9bdf50141dcf29a853f45d.svg	1616742840205	1616742840529	OK	 
REQUEST	Campaign Page Navigation	download-arrow-19bfa3189e5461a4a702df80d70fb8a845f8f95564b60e41a08745234be6f482.svg	1616742840533	1616742840858	OK	 
REQUEST	Campaign Page Navigation	download-pdf-5f4a4f78dd7bd9259b95c7275e082d0de51914042c8b08b68be87f44264d5b78.svg	1616742840861	1616742841186	OK	 
REQUEST	Campaign Page Navigation	download-icon-9aee89368e4645a824b006cf7776d22e9a9767828c78a7c46b164537a241c30a.svg	1616742841188	1616742841515	OK	 
REQUEST	Campaign Page Navigation	campaigns-632163e39ddbca3825978d19c3b0bb81115f0af288044280fe6c91b70df9e911.js	1616742838861	1616742841524	OK	 
REQUEST	Campaign Page Navigation	campaigns_page_with_prb-e689e3cb8046a58dc395140de39d99f735b5ea08ba9f76735a12b795fe61201e.jpg	1616742840442	1616742841782	OK	 
REQUEST	Campaign Page Navigation	excel-file-da5251c0fb0de4efadfffa7a25cebf341c66e2d4b9c4ed73ae632113474b9613.svg	1616742841518	1616742841872	OK	 
REQUEST	Campaign Page Navigation	campaign_sidebar-c47ac3c380eff6c0384a08d8f9baa38dc2ad160f16725666130308bf611c5ab0.png	1616742841527	1616742841902	OK	 
REQUEST	Campaign Page Navigation	common-55b78f00061022dc4d488eed56806b2bddd50b5780bcb0148b288a7044b22772.js	1616742838860	1616742841953	OK	 
REQUEST	Campaign Page Navigation	preload-ba5e505c85514ee63942eddb67a5b7f16a6b26d01794411ea9296125d28445f9.js	1616742838859	1616742841969	OK	 
REQUEST	Campaign Page Navigation	campaigns-f58a50a671f37e98a66907db8b5e7242b428661f2363121a3cf1d82c32d64f3c.css	1616742838857	1616742846681	OK	 
GROUP	Campaign Page Navigation	1616742835515	1616742848890	11581	OK
REQUEST	Entity page Navigation	Entity page Navigation	1616742848893	1616742851185	OK	 
REQUEST	Entity page Navigation	favicon.ico?v2	1616742851199	1616742851522	OK	 
REQUEST	Entity page Navigation	preload-ba5e505c85514ee63942eddb67a5b7f16a6b26d01794411ea9296125d28445f9.js	1616742851202	1616742852213	OK	 
REQUEST	Entity page Navigation	magnifying-glass.svg	1616742852216	1616742852530	OK	 
REQUEST	Entity page Navigation	noun-gear-small-990c49a70d1f6f230bf948a658bdf10474bbb3d1cb8a31c32c745fcde7a2e477.svg	1616742852533	1616742852848	OK	 
REQUEST	Entity page Navigation	rpx_insight_logo-13e86138a7d272fb01aa3ffdc3cc329b1673b2ca943c34c16f41235e0d27ff19.svg	1616742851525	1616742853142	OK	 
REQUEST	Entity page Navigation	hamburger-black-6e3932a18c47b9c9b304ef07381cc00cc65f30e9accf49aec71e83c8956de66f.svg	1616742852851	1616742853165	OK	 
REQUEST	Entity page Navigation	entity_affiliates-544db615ef07e93ca5cdf773b5e06ad191e700670437c0b5091c099365c83e95.png	1616742853169	1616742853768	OK	 
REQUEST	Entity page Navigation	entity_related_entities-37ee9b5730db138c7993b684b85f47db22560ffdc115fe372f0e5ec50b0d160f.png	1616742853145	1616742854055	OK	 
REQUEST	Entity page Navigation	jquery_datatables-047c80844201a8bcf4ac645c24ca36b2d8c990f42d10c6894c0fdafb31d3483d.js	1616742851204	1616742854392	OK	 
REQUEST	Entity page Navigation	entities-c5acc6e072c431d01cc9e0badec703f11bd9094a244a9dee1324c734ec97e84a.js	1616742851205	1616742855178	OK	 
REQUEST	Entity page Navigation	common-55b78f00061022dc4d488eed56806b2bddd50b5780bcb0148b288a7044b22772.js	1616742851203	1616742858866	OK	 
REQUEST	Entity page Navigation	entities-82580d7b524f7c0c29db5bed1cbd8943c8aa349b6425209eca5579712495e115.css	1616742851201	1616742865135	OK	 
GROUP	Entity page Navigation	1616742848892	1616742865184	16278	OK
USER	Insight API Performance	END	1616742865192
